Determining if the pthread_create exist failed with the following output:
Change Dir: /home/6im2/mkouyate/Documents/Marco/TP-OpenGL/GLImac-Template-build/CMakeFiles/CMakeTmp

Run Build Command:"/usr/bin/make" "cmTC_27b1b/fast"
/usr/bin/make -f CMakeFiles/cmTC_27b1b.dir/build.make CMakeFiles/cmTC_27b1b.dir/build
make[1] : on entre dans le répertoire « /home/6im2/mkouyate/Documents/Marco/TP-OpenGL/GLImac-Template-build/CMakeFiles/CMakeTmp »
Building C object CMakeFiles/cmTC_27b1b.dir/CheckSymbolExists.c.o
/usr/bin/cc     -o CMakeFiles/cmTC_27b1b.dir/CheckSymbolExists.c.o   -c /home/6im2/mkouyate/Documents/Marco/TP-OpenGL/GLImac-Template-build/CMakeFiles/CMakeTmp/CheckSymbolExists.c
Linking C executable cmTC_27b1b
/usr/bin/cmake -E cmake_link_script CMakeFiles/cmTC_27b1b.dir/link.txt --verbose=1
/usr/bin/cc       CMakeFiles/cmTC_27b1b.dir/CheckSymbolExists.c.o  -o cmTC_27b1b -rdynamic 
CMakeFiles/cmTC_27b1b.dir/CheckSymbolExists.c.o : Dans la fonction « main » :
CheckSymbolExists.c:(.text+0x1b) : référence indéfinie vers « pthread_create »
collect2: error: ld returned 1 exit status
CMakeFiles/cmTC_27b1b.dir/build.make:97 : la recette pour la cible « cmTC_27b1b » a échouée
make[1]: *** [cmTC_27b1b] Erreur 1
make[1] : on quitte le répertoire « /home/6im2/mkouyate/Documents/Marco/TP-OpenGL/GLImac-Template-build/CMakeFiles/CMakeTmp »
Makefile:126 : la recette pour la cible « cmTC_27b1b/fast » a échouée
make: *** [cmTC_27b1b/fast] Erreur 2

File /home/6im2/mkouyate/Documents/Marco/TP-OpenGL/GLImac-Template-build/CMakeFiles/CMakeTmp/CheckSymbolExists.c:
/* */
#include <pthread.h>

int main(int argc, char** argv)
{
  (void)argv;
#ifndef pthread_create
  return ((int*)(&pthread_create))[argc];
#else
  (void)argc;
  return 0;
#endif
}

Determining if the function pthread_create exists in the pthreads failed with the following output:
Change Dir: /home/6im2/mkouyate/Documents/Marco/TP-OpenGL/GLImac-Template-build/CMakeFiles/CMakeTmp

Run Build Command:"/usr/bin/make" "cmTC_90733/fast"
/usr/bin/make -f CMakeFiles/cmTC_90733.dir/build.make CMakeFiles/cmTC_90733.dir/build
make[1] : on entre dans le répertoire « /home/6im2/mkouyate/Documents/Marco/TP-OpenGL/GLImac-Template-build/CMakeFiles/CMakeTmp »
Building C object CMakeFiles/cmTC_90733.dir/CheckFunctionExists.c.o
/usr/bin/cc    -DCHECK_FUNCTION_EXISTS=pthread_create   -o CMakeFiles/cmTC_90733.dir/CheckFunctionExists.c.o   -c /usr/share/cmake-3.7/Modules/CheckFunctionExists.c
Linking C executable cmTC_90733
/usr/bin/cmake -E cmake_link_script CMakeFiles/cmTC_90733.dir/link.txt --verbose=1
/usr/bin/cc   -DCHECK_FUNCTION_EXISTS=pthread_create    CMakeFiles/cmTC_90733.dir/CheckFunctionExists.c.o  -o cmTC_90733 -rdynamic -lpthreads 
/usr/bin/ld : ne peut trouver -lpthreads
collect2: error: ld returned 1 exit status
CMakeFiles/cmTC_90733.dir/build.make:97 : la recette pour la cible « cmTC_90733 » a échouée
make[1]: *** [cmTC_90733] Erreur 1
make[1] : on quitte le répertoire « /home/6im2/mkouyate/Documents/Marco/TP-OpenGL/GLImac-Template-build/CMakeFiles/CMakeTmp »
Makefile:126 : la recette pour la cible « cmTC_90733/fast » a échouée
make: *** [cmTC_90733/fast] Erreur 2


